<?xml version="1.0" encoding="UTF-8"?>
<coverage generated="1753420480288" clover="3.2.0">
  <project timestamp="1753420480288" name="All files">
    <metrics statements="103" coveredstatements="77" conditionals="3979" coveredconditionals="630" methods="1379" coveredmethods="304" elements="5461" coveredelements="1011" complexity="0" loc="103" ncloc="103" packages="2" files="2" classes="2"/>
    <package name="schema">
      <metrics statements="53" coveredstatements="48" conditionals="8" coveredconditionals="4" methods="1" coveredmethods="0"/>
      <file name="index.js" path="/home/abhijeet/Projects/personal/task-manager/src/datasources/prisma-clients/schema/index.js">
        <metrics statements="53" coveredstatements="48" conditionals="8" coveredconditionals="4" methods="1" coveredmethods="0"/>
        <line num="5" count="1" type="stmt"/>
        <line num="29" count="1" type="stmt"/>
        <line num="32" count="1" type="stmt"/>
        <line num="34" count="1" type="stmt"/>
        <line num="35" count="1" type="stmt"/>
        <line num="41" count="1" type="stmt"/>
        <line num="46" count="1" type="stmt"/>
        <line num="47" count="1" type="stmt"/>
        <line num="48" count="1" type="stmt"/>
        <line num="49" count="1" type="stmt"/>
        <line num="50" count="1" type="stmt"/>
        <line num="51" count="1" type="stmt"/>
        <line num="56" count="1" type="stmt"/>
        <line num="57" count="1" type="stmt"/>
        <line num="58" count="1" type="stmt"/>
        <line num="59" count="1" type="stmt"/>
        <line num="60" count="1" type="stmt"/>
        <line num="65" count="1" type="stmt"/>
        <line num="66" count="1" type="stmt"/>
        <line num="71" count="1" type="stmt"/>
        <line num="72" count="1" type="stmt"/>
        <line num="73" count="1" type="stmt"/>
        <line num="75" count="1" type="stmt"/>
        <line num="84" count="1" type="stmt"/>
        <line num="89" count="1" type="stmt"/>
        <line num="96" count="1" type="stmt"/>
        <line num="104" count="1" type="stmt"/>
        <line num="114" count="1" type="stmt"/>
        <line num="119" count="1" type="stmt"/>
        <line num="124" count="1" type="stmt"/>
        <line num="130" count="1" type="stmt"/>
        <line num="137" count="1" type="stmt"/>
        <line num="186" count="1" type="stmt"/>
        <line num="188" count="1" type="stmt"/>
        <line num="189" count="1" type="cond" truecount="1" falsecount="1"/>
        <line num="190" count="0" type="stmt"/>
        <line num="195" count="0" type="cond" truecount="0" falsecount="2"/>
        <line num="196" count="0" type="stmt"/>
        <line num="199" count="0" type="stmt"/>
        <line num="200" count="0" type="stmt"/>
        <line num="203" count="1" type="stmt"/>
        <line num="204" count="1" type="stmt"/>
        <line num="205" count="1" type="stmt"/>
        <line num="206" count="1" type="stmt"/>
        <line num="209" count="1" type="stmt"/>
        <line num="211" count="1" type="stmt"/>
        <line num="216" count="1" type="stmt"/>
        <line num="217" count="1" type="stmt"/>
        <line num="218" count="1" type="stmt"/>
        <line num="221" count="1" type="stmt"/>
        <line num="222" count="1" type="stmt"/>
        <line num="224" count="1" type="stmt"/>
        <line num="225" count="1" type="stmt"/>
      </file>
    </package>
    <package name="schema.runtime">
      <metrics statements="50" coveredstatements="29" conditionals="3971" coveredconditionals="626" methods="1378" coveredmethods="304"/>
      <file name="library.js" path="/home/abhijeet/Projects/personal/task-manager/src/datasources/prisma-clients/schema/runtime/library.js">
        <metrics statements="50" coveredstatements="29" conditionals="3971" coveredconditionals="626" methods="1378" coveredmethods="304"/>
        <line num="4" count="982" type="cond" truecount="79" falsecount="97"/>
        <line num="5" count="8" type="cond" truecount="2" falsecount="2"/>
        <line num="6" count="50" type="cond" truecount="58" falsecount="132"/>
        <line num="7" count="21" type="cond" truecount="40" falsecount="150"/>
        <line num="8" count="2174" type="cond" truecount="17" falsecount="22"/>
        <line num="9" count="1" type="cond" truecount="60" falsecount="119"/>
        <line num="12" count="1" type="cond" truecount="1" falsecount="9"/>
        <line num="14" count="0" type="cond" truecount="0" falsecount="6"/>
        <line num="15" count="8" type="cond" truecount="11" falsecount="21"/>
        <line num="16" count="1" type="cond" truecount="2" falsecount="12"/>
        <line num="18" count="0" type="stmt"/>
        <line num="22" count="0" type="cond" truecount="0" falsecount="4"/>
        <line num="24" count="292" type="cond" truecount="112" falsecount="1243"/>
        <line num="25" count="0" type="stmt"/>
        <line num="26" count="0" type="stmt"/>
        <line num="27" count="0" type="stmt"/>
        <line num="28" count="1" type="cond" truecount="0" falsecount="40"/>
        <line num="29" count="1" type="cond" truecount="0" falsecount="39"/>
        <line num="30" count="1" type="cond" truecount="0" falsecount="75"/>
        <line num="31" count="8" type="cond" truecount="1" falsecount="135"/>
        <line num="32" count="75" type="cond" truecount="66" falsecount="236"/>
        <line num="33" count="1" type="stmt"/>
        <line num="34" count="38" type="cond" truecount="20" falsecount="247"/>
        <line num="36" count="1" type="cond" truecount="3" falsecount="11"/>
        <line num="38" count="0" type="stmt"/>
        <line num="39" count="0" type="stmt"/>
        <line num="40" count="0" type="stmt"/>
        <line num="45" count="0" type="stmt"/>
        <line num="46" count="0" type="cond" truecount="0" falsecount="2"/>
        <line num="48" count="0" type="stmt"/>
        <line num="55" count="0" type="stmt"/>
        <line num="60" count="0" type="stmt"/>
        <line num="67" count="1" type="cond" truecount="10" falsecount="21"/>
        <line num="68" count="0" type="stmt"/>
        <line num="69" count="1" type="cond" truecount="0" falsecount="7"/>
        <line num="72" count="0" type="stmt"/>
        <line num="104" count="0" type="stmt"/>
        <line num="113" count="1" type="cond" truecount="9" falsecount="100"/>
        <line num="114" count="10" type="cond" truecount="19" falsecount="165"/>
        <line num="115" count="8" type="cond" truecount="19" falsecount="31"/>
        <line num="116" count="1" type="cond" truecount="9" falsecount="38"/>
        <line num="117" count="1" type="cond" truecount="3" falsecount="48"/>
        <line num="124" count="58" type="cond" truecount="37" falsecount="110"/>
        <line num="125" count="1" type="cond" truecount="0" falsecount="14"/>
        <line num="126" count="0" type="cond" truecount="0" falsecount="6"/>
        <line num="127" count="0" type="cond" truecount="0" falsecount="2"/>
        <line num="128" count="0" type="cond" truecount="0" falsecount="16"/>
        <line num="129" count="0" type="cond" truecount="0" falsecount="78"/>
        <line num="133" count="8" type="cond" truecount="46" falsecount="93"/>
        <line num="134" count="1" type="cond" truecount="2" falsecount="10"/>
      </file>
    </package>
  </project>
</coverage>
